<?xml version="1.0" encoding="UTF-8"?>
<testng-results skipped="0" failed="0" ignored="0" total="1" passed="1">
  <reporter-output>
  </reporter-output>
  <suite name="Default suite" duration-ms="20387" started-at="2021-04-21T17:02:53 EET" finished-at="2021-04-21T17:03:13 EET">
    <groups>
    </groups>
    <test name="Default test" duration-ms="20387" started-at="2021-04-21T17:02:53 EET" finished-at="2021-04-21T17:03:13 EET">
      <class name="appiumPackage.AppiumTest">
        <test-method status="PASS" signature="setUp()[pri:0, instance:appiumPackage.AppiumTest@4923ab24]" name="setUp" is-config="true" duration-ms="20346" started-at="2021-04-21T17:02:53 EET" finished-at="2021-04-21T17:03:13 EET">
          <reporter-output>
          </reporter-output>
        </test-method> <!-- setUp -->
        <test-method status="PASS" signature="test()[pri:0, instance:appiumPackage.AppiumTest@4923ab24]" name="test" duration-ms="7" started-at="2021-04-21T17:03:13 EET" finished-at="2021-04-21T17:03:13 EET">
          <reporter-output>
          </reporter-output>
        </test-method> <!-- test -->
        <test-method status="PASS" signature="End()[pri:0, instance:appiumPackage.AppiumTest@4923ab24]" name="End" is-config="true" duration-ms="0" started-at="2021-04-21T17:03:13 EET" finished-at="2021-04-21T17:03:13 EET">
          <reporter-output>
          </reporter-output>
        </test-method> <!-- End -->
      </class> <!-- appiumPackage.AppiumTest -->
    </test> <!-- Default test -->
  </suite> <!-- Default suite -->
</testng-results>
